Removed Pin From Net: NetName=VM Pin=Q1-1
Removed Pin From Net: NetName=NetD1_1 Pin=Q1-2
Removed Pin From Net: NetName=VMOT Pin=Q1-3
Removed Member From Class: ClassName=Sheet1 Member=Q1
Change Managed Component Library Link : Designator=C3 Old VaultGUID=7A3203D9-ED49-4EC5-A06E-EEA078B9106F New VaultGUID=7A3203D9-ED49-4EC5-A06E-EEA078B9106F Old ItemGUID=376F4FF6-D7C1-4994-B2D2-23680B22DCA3 New ItemGUID=26FCEA2D-DD56-4C21-B91E-1C42FD0CA820 Old RevisionGUID=F02A838F-B4D1-4AEB-8E55-43DF83BC4DED New RevisionGUID=F8B1DACD-1E71-49E9-8D89-802165FCC492
Change Managed Component Library Link : Designator=C4 Old VaultGUID=7A3203D9-ED49-4EC5-A06E-EEA078B9106F New VaultGUID=7A3203D9-ED49-4EC5-A06E-EEA078B9106F Old ItemGUID=376F4FF6-D7C1-4994-B2D2-23680B22DCA3 New ItemGUID=28C7E3E2-FB45-4DCA-907C-4D392586580D Old RevisionGUID=F02A838F-B4D1-4AEB-8E55-43DF83BC4DED New RevisionGUID=ABD4E0C1-B41A-407D-8781-746DD4204143
Change component parameters: Designator = "C3" ("C3"); Footprint = "CAPC1005X56X25LL10T15"; UniqueID = "\TKEYPRDW" ("\TKEYPRDW")
Change component parameters (AddParameter): Name = "Capacitor Type"; Value = "Ceramic"; VariantName = "[No Variations]"
Change component parameters (AddParameter): Name = "Case/Package"; Value = "0402"; VariantName = "[No Variations]"
Change component parameters (AddParameter): Name = "Max Operating Temperature"; Value = "125°C"; VariantName = "[No Variations]"
Change component parameters (AddParameter): Name = "Min Operating Temperature"; Value = "-55°C"; VariantName = "[No Variations]"
Change component parameters (AddParameter): Name = "Mounting Technology"; Value = "SM"; VariantName = "[No Variations]"
Change component parameters (AddParameter): Name = "Pins"; Value = "2"; VariantName = "[No Variations]"
Change component parameters (AddParameter): Name = "Ripple Current"; Value = ""; VariantName = "[No Variations]"
Change component parameters (AddParameter): Name = "Ripple Current (AC)"; Value = ""; VariantName = "[No Variations]"
Change component parameters (AddParameter): Name = "RoHS Compliant"; Value = "True"; VariantName = "[No Variations]"
Change component parameters (AddParameter): Name = "Tolerance"; Value = "5%"; VariantName = "[No Variations]"
Change component parameters (AddParameter): Name = "Value"; Value = "100nF"; VariantName = "[No Variations]"
Change component parameters (AddParameter): Name = "Voltage Rating"; Value = "16V"; VariantName = "[No Variations]"
Change component parameters: Designator = "C4" ("C4"); Footprint = "CAPC1005X56X25ML10T15"; UniqueID = "\DQVDRTNQ" ("\DQVDRTNQ")
Change component parameters (AddParameter): Name = "Capacitor Type"; Value = "Ceramic"; VariantName = "[No Variations]"
Change component parameters (AddParameter): Name = "Case/Package"; Value = "0402"; VariantName = "[No Variations]"
Change component parameters (AddParameter): Name = "Max Operating Temperature"; Value = "125°C"; VariantName = "[No Variations]"
Change component parameters (AddParameter): Name = "Min Operating Temperature"; Value = "-55°C"; VariantName = "[No Variations]"
Change component parameters (AddParameter): Name = "Mounting Technology"; Value = "SM"; VariantName = "[No Variations]"
Change component parameters (AddParameter): Name = "Pins"; Value = "2"; VariantName = "[No Variations]"
Change component parameters (AddParameter): Name = "Ripple Current"; Value = ""; VariantName = "[No Variations]"
Change component parameters (AddParameter): Name = "Ripple Current (AC)"; Value = ""; VariantName = "[No Variations]"
Change component parameters (AddParameter): Name = "RoHS Compliant"; Value = "True"; VariantName = "[No Variations]"
Change component parameters (AddParameter): Name = "Tolerance"; Value = "20%"; VariantName = "[No Variations]"
Change component parameters (AddParameter): Name = "Value"; Value = "0.47 uF"; VariantName = "[No Variations]"
Change component parameters (AddParameter): Name = "Voltage Rating"; Value = "25V"; VariantName = "[No Variations]"
Added Component: Designator=T1(SOT23-BEC)
Add component (AddParameter): Name = "Check_prices"; Value = "https://www.snapeda.com/parts/PMV20EN/NXP+Semiconductors/view-part/?ref=eda"; VariantName = "[No Variations]"
Add component (AddParameter): Name = "MF"; Value = "NXP Semiconductors"; VariantName = "[No Variations]"
Add component (AddParameter): Name = "MP"; Value = "PMV20EN"; VariantName = "[No Variations]"
Add component (AddParameter): Name = "Package"; Value = "SOT-23-3 NXP Semiconductors"; VariantName = "[No Variations]"
Add component (AddParameter): Name = "SnapEDA_Link"; Value = "https://www.snapeda.com/parts/PMV20EN/NXP+Semiconductors/view-part/?ref=snap"; VariantName = "[No Variations]"
Add component (AddParameter): Name = "Value"; Value = ""; VariantName = "[No Variations]"
Added Pin To Net: NetName=NetD1_1 Pin=T1-B
Added Pin To Net: NetName=VM Pin=T1-C
Added Pin To Net: NetName=VMOT Pin=T1-E
Added Member To Class: ClassName=Sheet1 Member=Component T1 PMV20EN
